<?xml version="1.0" encoding="UTF-8"?>
<!-- Generated by org.testng.reporters.JUnitXMLReporter -->
<testsuite hostname="ViktoriyasMBP2.local.tld" ignored="0" name="Command line test" tests="5" failures="1" timestamp="2023-01-30T18:08:41 CST" time="168.22" errors="0">
  <testcase name="validateMainMenu" time="3.466" classname="scripts.UnitedAirlinesTest"/>
  <testcase name="validateBookTravelMenu" time="2.141" classname="scripts.UnitedAirlinesTest"/>
  <testcase name="validateRadioButtonInBookTravelMenu" time="4.361" classname="scripts.UnitedAirlinesTest"/>
  <testcase name="validateCheckboxes" time="5.915" classname="scripts.UnitedAirlinesTest"/>
  <testcase name="validateOneWayTicket" time="23.78" classname="scripts.UnitedAirlinesTest">
    <failure type="org.openqa.selenium.NoSuchElementException" message="no such element: Unable to locate element: {&amp;quot;method&amp;quot;:&amp;quot;css selector&amp;quot;,&amp;quot;selector&amp;quot;:&amp;quot;div[class*=&amp;apos;ColumnSortResultHeader-styles_&amp;apos;]&amp;quot;}
  (Session info: chrome=109.0.5414.119)
For documentation on this error, please visit: https://www.seleniumhq.org/exceptions/no_such_element.html
Build info: version: &amp;apos;3.141.59&amp;apos;, revision: &amp;apos;e82be7d358&amp;apos;, time: &amp;apos;2018-11-14T08:17:03&amp;apos;
System info: host: &amp;apos;ViktoriyasMBP2.local.tld&amp;apos;, ip: &amp;apos;fe80:0:0:0:1498:65c1:ae78:79e0%en0&amp;apos;, os.name: &amp;apos;Mac OS X&amp;apos;, os.arch: &amp;apos;x86_64&amp;apos;, os.version: &amp;apos;10.16&amp;apos;, java.version: &amp;apos;1.8.0_301&amp;apos;
Driver info: org.openqa.selenium.chrome.ChromeDriver
Capabilities {acceptInsecureCerts: false, browserName: chrome, browserVersion: 109.0.5414.119, chrome: {chromedriverVersion: 109.0.5414.74 (e7c5703604da..., userDataDir: /var/folders/jz/2js468655k1...}, goog:chromeOptions: {debuggerAddress: localhost:49917}, javascriptEnabled: true, networkConnectionEnabled: false, pageLoadStrategy: normal, platform: MAC, platformName: MAC, proxy: Proxy(), setWindowRect: true, strictFileInteractability: false, timeouts: {implicit: 0, pageLoad: 300000, script: 30000}, unhandledPromptBehavior: dismiss and notify, webauthn:extension:credBlob: true, webauthn:extension:largeBlob: true, webauthn:virtualAuthenticators: true}
Session ID: 232d530f16fb866ad8e15a2db3904614
*** Element info: {Using=css selector, value=div[class*=&amp;apos;ColumnSortResultHeader-styles_&amp;apos;]}">
      <![CDATA[org.openqa.selenium.NoSuchElementException: no such element: Unable to locate element: {"method":"css selector","selector":"div[class*='ColumnSortResultHeader-styles_']"}
  (Session info: chrome=109.0.5414.119)
For documentation on this error, please visit: https://www.seleniumhq.org/exceptions/no_such_element.html
Build info: version: '3.141.59', revision: 'e82be7d358', time: '2018-11-14T08:17:03'
System info: host: 'ViktoriyasMBP2.local.tld', ip: 'fe80:0:0:0:1498:65c1:ae78:79e0%en0', os.name: 'Mac OS X', os.arch: 'x86_64', os.version: '10.16', java.version: '1.8.0_301'
Driver info: org.openqa.selenium.chrome.ChromeDriver
Capabilities {acceptInsecureCerts: false, browserName: chrome, browserVersion: 109.0.5414.119, chrome: {chromedriverVersion: 109.0.5414.74 (e7c5703604da..., userDataDir: /var/folders/jz/2js468655k1...}, goog:chromeOptions: {debuggerAddress: localhost:49917}, javascriptEnabled: true, networkConnectionEnabled: false, pageLoadStrategy: normal, platform: MAC, platformName: MAC, proxy: Proxy(), setWindowRect: true, strictFileInteractability: false, timeouts: {implicit: 0, pageLoad: 300000, script: 30000}, unhandledPromptBehavior: dismiss and notify, webauthn:extension:credBlob: true, webauthn:extension:largeBlob: true, webauthn:virtualAuthenticators: true}
Session ID: 232d530f16fb866ad8e15a2db3904614
*** Element info: {Using=css selector, value=div[class*='ColumnSortResultHeader-styles_']}
at org.openqa.selenium.remote.http.W3CHttpResponseCodec.createException(W3CHttpResponseCodec.java:187)
at org.openqa.selenium.remote.http.W3CHttpResponseCodec.decode(W3CHttpResponseCodec.java:122)
at org.openqa.selenium.remote.http.W3CHttpResponseCodec.decode(W3CHttpResponseCodec.java:49)
at org.openqa.selenium.remote.HttpCommandExecutor.execute(HttpCommandExecutor.java:158)
at org.openqa.selenium.remote.service.DriverCommandExecutor.execute(DriverCommandExecutor.java:83)
at org.openqa.selenium.remote.RemoteWebDriver.execute(RemoteWebDriver.java:552)
at org.openqa.selenium.remote.RemoteWebDriver.findElement(RemoteWebDriver.java:323)
at org.openqa.selenium.remote.RemoteWebDriver.findElementByCssSelector(RemoteWebDriver.java:420)
at org.openqa.selenium.By$ByCssSelector.findElement(By.java:431)
at org.openqa.selenium.remote.RemoteWebDriver.findElement(RemoteWebDriver.java:315)
at org.openqa.selenium.support.pagefactory.DefaultElementLocator.findElement(DefaultElementLocator.java:69)
at org.openqa.selenium.support.pagefactory.internal.LocatingElementHandler.invoke(LocatingElementHandler.java:38)
at com.sun.proxy.$Proxy8.getText(Unknown Source)
at scripts.UnitedAirlinesTest.validateOneWayTicket(UnitedAirlinesTest.java:148)
at java.util.ArrayList.forEach(ArrayList.java:1259)
... Removed 40 stack frames]]>
    </failure>
  </testcase> <!-- validateOneWayTicket -->
</testsuite> <!-- Command line test -->
